[debug] [2024-05-19T12:10:49.307Z] ----------------------------------------------------------------------
[debug] [2024-05-19T12:10:49.309Z] Command:       /opt/homebrew/Cellar/node/22.2.0/bin/node /opt/homebrew/bin/firebase init
[debug] [2024-05-19T12:10:49.309Z] CLI Version:   13.9.0
[debug] [2024-05-19T12:10:49.309Z] Platform:      darwin
[debug] [2024-05-19T12:10:49.309Z] Node Version:  v22.2.0
[debug] [2024-05-19T12:10:49.309Z] Time:          Sun May 19 2024 15:10:49 GMT+0300 (GMT+03:00)
[debug] [2024-05-19T12:10:49.309Z] ----------------------------------------------------------------------
[debug] 
[debug] [2024-05-19T12:10:49.341Z] > command requires scopes: ["email","openid","https://www.googleapis.com/auth/cloudplatformprojects.readonly","https://www.googleapis.com/auth/firebase","https://www.googleapis.com/auth/cloud-platform"]
[debug] [2024-05-19T12:10:49.341Z] > authorizing via signed-in user (rekal1417@gmail.com)
[info] 
     ######## #### ########  ######## ########     ###     ######  ########
     ##        ##  ##     ## ##       ##     ##  ##   ##  ##       ##
     ######    ##  ########  ######   ########  #########  ######  ######
     ##        ##  ##    ##  ##       ##     ## ##     ##       ## ##
     ##       #### ##     ## ######## ########  ##     ##  ######  ########

You're about to initialize a Firebase project in this directory:

  /Users/onurcangenc

Before we get started, keep in mind:

  * You are initializing within an existing Firebase project directory

[info] 
=== Project Setup
[info] 
[info] First, let's associate this project directory with a Firebase project.
[info] You can create multiple project aliases by running firebase use --add, 
[info] but for now we'll just set up a default project.
[info] 
[debug] [2024-05-19T12:11:14.265Z] Using project from CLI flag: ctis256project-2024
[debug] [2024-05-19T12:11:14.267Z] > refreshing access token with scopes: []
[debug] [2024-05-19T12:11:14.270Z] >>> [apiv2][query] POST https://www.googleapis.com/oauth2/v3/token [none]
[debug] [2024-05-19T12:11:14.270Z] >>> [apiv2][body] POST https://www.googleapis.com/oauth2/v3/token [omitted]
[debug] [2024-05-19T12:11:14.500Z] <<< [apiv2][status] POST https://www.googleapis.com/oauth2/v3/token 200
[debug] [2024-05-19T12:11:14.500Z] <<< [apiv2][body] POST https://www.googleapis.com/oauth2/v3/token [omitted]
[debug] [2024-05-19T12:11:14.549Z] >>> [apiv2][query] GET https://firebase.googleapis.com/v1beta1/projects/ctis256project-2024 [none]
[debug] [2024-05-19T12:11:14.884Z] <<< [apiv2][status] GET https://firebase.googleapis.com/v1beta1/projects/ctis256project-2024 200
[debug] [2024-05-19T12:11:14.885Z] <<< [apiv2][body] GET https://firebase.googleapis.com/v1beta1/projects/ctis256project-2024 {"projectId":"ctis256project-2024","projectNumber":"599546994560","displayName":"ctis256project-2024","name":"projects/ctis256project-2024","resources":{"hostingSite":"ctis256project-2024"},"state":"ACTIVE","etag":"1_ac803407-f88e-46b0-bce5-e01bed83363d"}
[info] i  Using project ctis256project-2024 (ctis256project-2024) 
[info] 
=== Functions Setup
[debug] [2024-05-19T12:11:14.910Z] > command requires scopes: ["email","openid","https://www.googleapis.com/auth/cloudplatformprojects.readonly","https://www.googleapis.com/auth/firebase","https://www.googleapis.com/auth/cloud-platform"]
[debug] [2024-05-19T12:11:14.911Z] > authorizing via signed-in user (rekal1417@gmail.com)
[debug] [2024-05-19T12:11:14.911Z] [iam] checking project ctis256project-2024 for permissions ["firebase.projects.get"]
[debug] [2024-05-19T12:11:14.912Z] >>> [apiv2][query] POST https://cloudresourcemanager.googleapis.com/v1/projects/ctis256project-2024:testIamPermissions [none]
[debug] [2024-05-19T12:11:14.912Z] >>> [apiv2][(partial)header] POST https://cloudresourcemanager.googleapis.com/v1/projects/ctis256project-2024:testIamPermissions x-goog-quota-user=projects/ctis256project-2024
[debug] [2024-05-19T12:11:14.912Z] >>> [apiv2][body] POST https://cloudresourcemanager.googleapis.com/v1/projects/ctis256project-2024:testIamPermissions {"permissions":["firebase.projects.get"]}
[debug] [2024-05-19T12:11:16.090Z] <<< [apiv2][status] POST https://cloudresourcemanager.googleapis.com/v1/projects/ctis256project-2024:testIamPermissions 200
[debug] [2024-05-19T12:11:16.090Z] <<< [apiv2][body] POST https://cloudresourcemanager.googleapis.com/v1/projects/ctis256project-2024:testIamPermissions {"permissions":["firebase.projects.get"]}
[debug] [2024-05-19T12:11:16.092Z] >>> [apiv2][query] GET https://serviceusage.googleapis.com/v1/projects/ctis256project-2024/services/cloudfunctions.googleapis.com [none]
[debug] [2024-05-19T12:11:16.092Z] >>> [apiv2][(partial)header] GET https://serviceusage.googleapis.com/v1/projects/ctis256project-2024/services/cloudfunctions.googleapis.com x-goog-quota-user=projects/ctis256project-2024
[debug] [2024-05-19T12:11:16.094Z] >>> [apiv2][query] GET https://serviceusage.googleapis.com/v1/projects/ctis256project-2024/services/runtimeconfig.googleapis.com [none]
[debug] [2024-05-19T12:11:16.094Z] >>> [apiv2][(partial)header] GET https://serviceusage.googleapis.com/v1/projects/ctis256project-2024/services/runtimeconfig.googleapis.com x-goog-quota-user=projects/ctis256project-2024
[debug] [2024-05-19T12:11:17.232Z] <<< [apiv2][status] GET https://serviceusage.googleapis.com/v1/projects/ctis256project-2024/services/cloudfunctions.googleapis.com 200
[debug] [2024-05-19T12:11:17.232Z] <<< [apiv2][body] GET https://serviceusage.googleapis.com/v1/projects/ctis256project-2024/services/cloudfunctions.googleapis.com [omitted]
[debug] [2024-05-19T12:11:17.233Z] >>> [apiv2][query] POST https://serviceusage.googleapis.com/v1/projects/ctis256project-2024/services/cloudfunctions.googleapis.com:enable [none]
[debug] [2024-05-19T12:11:17.233Z] >>> [apiv2][(partial)header] POST https://serviceusage.googleapis.com/v1/projects/ctis256project-2024/services/cloudfunctions.googleapis.com:enable x-goog-quota-user=projects/ctis256project-2024
[debug] [2024-05-19T12:11:17.235Z] <<< [apiv2][status] GET https://serviceusage.googleapis.com/v1/projects/ctis256project-2024/services/runtimeconfig.googleapis.com 200
[debug] [2024-05-19T12:11:17.235Z] <<< [apiv2][body] GET https://serviceusage.googleapis.com/v1/projects/ctis256project-2024/services/runtimeconfig.googleapis.com [omitted]
[debug] [2024-05-19T12:11:17.873Z] <<< [apiv2][status] POST https://serviceusage.googleapis.com/v1/projects/ctis256project-2024/services/cloudfunctions.googleapis.com:enable 200
[debug] [2024-05-19T12:11:17.874Z] <<< [apiv2][body] POST https://serviceusage.googleapis.com/v1/projects/ctis256project-2024/services/cloudfunctions.googleapis.com:enable [omitted]
[debug] [2024-05-19T12:11:27.877Z] >>> [apiv2][query] GET https://serviceusage.googleapis.com/v1/projects/ctis256project-2024/services/cloudfunctions.googleapis.com [none]
[debug] [2024-05-19T12:11:27.878Z] >>> [apiv2][(partial)header] GET https://serviceusage.googleapis.com/v1/projects/ctis256project-2024/services/cloudfunctions.googleapis.com x-goog-quota-user=projects/ctis256project-2024
[debug] [2024-05-19T12:11:28.943Z] <<< [apiv2][status] GET https://serviceusage.googleapis.com/v1/projects/ctis256project-2024/services/cloudfunctions.googleapis.com 200
[debug] [2024-05-19T12:11:28.944Z] <<< [apiv2][body] GET https://serviceusage.googleapis.com/v1/projects/ctis256project-2024/services/cloudfunctions.googleapis.com [omitted]
[info] Let's create a new codebase for your functions.
[info] A directory corresponding to the codebase will be created in your project
[info] with sample code pre-configured.

[info] See https://firebase.google.com/docs/functions/organize-functions for
[info] more information on organizing your functions using codebases.

[info] Functions can be deployed with firebase deploy.

[info] ✔  Wrote functions/package.json 
[info] ✔  Wrote functions/.eslintrc.js 
[info] ✔  Wrote functions/index.js 
[info] ✔  Wrote functions/.gitignore 
[info] 
=== Hosting Setup
[debug] [2024-05-19T12:12:48.658Z] >>> [apiv2][query] GET https://firebase.googleapis.com/v1beta1/projects/ctis256project-2024 [none]
[debug] [2024-05-19T12:12:48.984Z] <<< [apiv2][status] GET https://firebase.googleapis.com/v1beta1/projects/ctis256project-2024 200
[debug] [2024-05-19T12:12:48.985Z] <<< [apiv2][body] GET https://firebase.googleapis.com/v1beta1/projects/ctis256project-2024 {"projectId":"ctis256project-2024","projectNumber":"599546994560","displayName":"ctis256project-2024","name":"projects/ctis256project-2024","resources":{"hostingSite":"ctis256project-2024"},"state":"ACTIVE","etag":"1_ac803407-f88e-46b0-bce5-e01bed83363d"}
[info] 
[info] Your public directory is the folder (relative to your project directory) that
[info] will contain Hosting assets to be uploaded with firebase deploy. If you
[info] have a build process for your assets, use your build's output directory.
[info] 
[debug] [2024-05-19T12:13:51.563Z] >>> [apiv2][query] GET https://www.gstatic.com/firebasejs/releases.json [none]
[debug] [2024-05-19T12:13:51.727Z] <<< [apiv2][status] GET https://www.gstatic.com/firebasejs/releases.json 200
[debug] [2024-05-19T12:13:51.727Z] <<< [apiv2][body] GET https://www.gstatic.com/firebasejs/releases.json {"current":{"version":"10.12.0","browserURL":"https://www.gstatic.com/firebasejs/10.12.0/firebase.js","packageURL":"https://www.gstatic.com/firebasejs/10.12.0/firebase.tgz"},"live":{"version":"10.12","browserURL":"https://www.gstatic.com/firebasejs/live/10.12/firebase.js","packageURL":"https://www.gstatic.com/firebasejs/live/10.12/firebase.tgz"},"components":{"analytics":"https://www.gstatic.com/firebasejs/10.12.0/firebase-analytics.js","app":"https://www.gstatic.com/firebasejs/10.12.0/firebase-app.js","app-check":"https://www.gstatic.com/firebasejs/10.12.0/firebase-app-check.js","auth":"https://www.gstatic.com/firebasejs/10.12.0/firebase-auth.js","auth/cordova":"https://www.gstatic.com/firebasejs/10.12.0/firebase-auth/cordova.js","auth/web-extension":"https://www.gstatic.com/firebasejs/10.12.0/firebase-auth/web-extension.js","functions":"https://www.gstatic.com/firebasejs/10.12.0/firebase-functions.js","firestore":"https://www.gstatic.com/firebasejs/10.12.0/firebase-firestore.js","firestore/lite":"https://www.gstatic.com/firebasejs/10.12.0/firebase-firestore/lite.js","installations":"https://www.gstatic.com/firebasejs/10.12.0/firebase-installations.js","storage":"https://www.gstatic.com/firebasejs/10.12.0/firebase-storage.js","performance":"https://www.gstatic.com/firebasejs/10.12.0/firebase-performance.js","remote-config":"https://www.gstatic.com/firebasejs/10.12.0/firebase-remote-config.js","messaging":"https://www.gstatic.com/firebasejs/10.12.0/firebase-messaging.js","messaging/sw":"https://www.gstatic.com/firebasejs/10.12.0/firebase-messaging/sw.js","database":"https://www.gstatic.com/firebasejs/10.12.0/firebase-database.js","vertexai-preview":"https://www.gstatic.com/firebasejs/10.12.0/firebase-vertexai-preview.js","firestore.memory":"https://www.gstatic.com/firebasejs/10.12.0/firebase-firestore.memory.js"}}
[debug] [2024-05-19T12:13:54.400Z] Error: EACCES: permission denied, open '/Users/onurcangenc/public/index.html'
    at Object.writeFileSync (node:fs:2348:20)
    at Config.writeProjectFile (/opt/homebrew/lib/node_modules/firebase-tools/lib/config.js:155:12)
    at /opt/homebrew/lib/node_modules/firebase-tools/lib/config.js:178:22
    at process.processTicksAndRejections (node:internal/process/task_queues:95:5)
    at async doSetup (/opt/homebrew/lib/node_modules/firebase-tools/lib/init/features/hosting/index.js:177:9)
    at async init (/opt/homebrew/lib/node_modules/firebase-tools/lib/init/index.js:39:9)
[error] 
[error] Error: An unexpected error has occurred.
